<?xml version="1.0" encoding="UTF-8"?>
<!-- Generated by org.testng.reporters.JUnitReportReporter -->
<testsuite hostname="Boobal-PC" failures="0" tests="6" name="TestPack.CompareResult" time="46.000" errors="0" timestamp="2022-01-08T20:01:33 IST" skipped="0">
  <testcase classname="TestPack.CompareResult" name="TempCompare" time="7.296"/>
  <system-out/>
  <testcase classname="TestPack.CompareResult" name="TempCompare" time="7.416"/>
  <system-out/>
  <testcase classname="TestPack.CompareResult" name="TempCompare" time="7.677"/>
  <system-out/>
  <testcase classname="TestPack.CompareResult" name="TempCompare" time="7.085"/>
  <system-out/>
  <testcase classname="TestPack.CompareResult" name="TempCompare" time="7.193"/>
  <system-out/>
  <testcase classname="TestPack.CompareResult" name="TempCompare" time="9.333"/>
  <system-out/>
</testsuite> <!-- TestPack.CompareResult -->
